<?xml version="1.0" encoding="UTF-8"?>
<testng-results ignored="0" total="2" passed="2" failed="0" skipped="0">
  <reporter-output>
  </reporter-output>
  <suite started-at="2023-02-01T16:06:46 CET" name="Default suite" finished-at="2023-02-01T16:06:50 CET" duration-ms="4122">
    <groups>
    </groups>
    <test started-at="2023-02-01T16:06:46 CET" name="Default test" finished-at="2023-02-01T16:06:50 CET" duration-ms="4122">
      <class name="test.TestVerificationFunction">
        <test-method is-config="true" signature="Init()[pri:0, instance:test.TestVerificationFunction@78fa769e]" started-at="2023-02-01T16:06:46 CET" name="Init" finished-at="2023-02-01T16:06:50 CET" duration-ms="3986" status="PASS">
          <reporter-output>
          </reporter-output>
        </test-method> <!-- Init -->
        <test-method signature="testVerifyImgSize()[pri:0, instance:test.TestVerificationFunction@78fa769e]" started-at="2023-02-01T16:06:50 CET" name="testVerifyImgSize" finished-at="2023-02-01T16:06:50 CET" duration-ms="5" status="PASS">
          <reporter-output>
          </reporter-output>
        </test-method> <!-- testVerifyImgSize -->
        <test-method signature="testverifyFilters()[pri:0, instance:test.TestVerificationFunction@78fa769e]" started-at="2023-02-01T16:06:50 CET" name="testverifyFilters" finished-at="2023-02-01T16:06:50 CET" duration-ms="96" status="PASS">
          <reporter-output>
          </reporter-output>
        </test-method> <!-- testverifyFilters -->
      </class> <!-- test.TestVerificationFunction -->
    </test> <!-- Default test -->
  </suite> <!-- Default suite -->
</testng-results>
