<?xml version="1.0" encoding="UTF-8"?>
<!-- Generated by org.testng.reporters.JUnitXMLReporter -->
<testsuite ignored="0" hostname="niflheim" failures="0" tests="4" name="Default test" time="3.301" errors="0" timestamp="2022-03-28T15:14:21 CEST">
  <testcase classname="stateMachineLanguage.DBManager.LayerIntegrationTest" name="addEdgeConvPoolTest" time="0.157"/>
  <testcase classname="stateMachineLanguage.DBManager.LayerIntegrationTest" name="addEdgePoolBNTest" time="0.225"/>
  <testcase classname="stateMachineLanguage.DBManager.LayerIntegrationTest" name="addnewEdgeConv" time="0.001"/>
  <testcase classname="stateMachineLanguage.DBManager.LayerIntegrationTest" name="updateConvTest" time="0.063"/>
</testsuite> <!-- Default test -->
