<?xml version="1.0" encoding="UTF-8"?>
<!-- Generated by org.testng.reporters.JUnitXMLReporter -->
<testsuite ignored="0" hostname="niflheim" failures="0" tests="4" name="Default test" time="6.032" errors="0" timestamp="2023-02-02T13:48:10 CET">
  <testcase classname="stateMachineLanguage.DBManager.LayerIntegrationTest" name="addEdgeConvPoolTest" time="0.77"/>
  <testcase classname="stateMachineLanguage.DBManager.LayerIntegrationTest" name="addEdgePoolBNTest" time="0.815"/>
  <testcase classname="stateMachineLanguage.DBManager.LayerIntegrationTest" name="addnewEdgeConv" time="0.002"/>
  <testcase classname="stateMachineLanguage.DBManager.LayerIntegrationTest" name="updateConvTest" time="0.496"/>
</testsuite> <!-- Default test -->
