<?xml version="1.0" encoding="UTF-8"?>
<testng-results ignored="2" total="3" passed="1" failed="0" skipped="0">
  <reporter-output>
  </reporter-output>
  <suite started-at="2022-03-31T15:19:40 CEST" name="Default suite" finished-at="2022-03-31T15:19:41 CEST" duration-ms="1263">
    <groups>
    </groups>
    <test started-at="2022-03-31T15:19:40 CEST" name="Default test" finished-at="2022-03-31T15:19:41 CEST" duration-ms="1263">
      <class name="controllerTest.DBQueryControllerTest">
        <test-method is-config="true" signature="beforeTest()[pri:0, instance:controllerTest.DBQueryControllerTest@5524cca1]" started-at="2022-03-31T15:19:40 CEST" name="beforeTest" finished-at="2022-03-31T15:19:41 CEST" duration-ms="1135" status="PASS">
          <reporter-output>
          </reporter-output>
        </test-method> <!-- beforeTest -->
        <test-method signature="countEdgesNodesTest()[pri:0, instance:controllerTest.DBQueryControllerTest@5524cca1]" started-at="2022-03-31T15:19:41 CEST" name="countEdgesNodesTest" finished-at="2022-03-31T15:19:41 CEST" duration-ms="106" status="PASS">
          <reporter-output>
          </reporter-output>
        </test-method> <!-- countEdgesNodesTest -->
      </class> <!-- controllerTest.DBQueryControllerTest -->
    </test> <!-- Default test -->
  </suite> <!-- Default suite -->
</testng-results>
